============================= test session starts =============================
platform win32 -- Python 3.11.9, pytest-9.0.2, pluggy-1.6.0
rootdir: C:\Users\maila\data_pipeline\services\inventory_service
plugins: anyio-4.12.1, Faker-40.1.0, asyncio-1.3.0
asyncio: mode=Mode.STRICT, debug=False, asyncio_default_fixture_loop_scope=None, asyncio_default_test_loop_scope=function
collected 1 item / 1 error

=================================== ERRORS ====================================
____________________ ERROR collecting tests/test_models.py ____________________
ImportError while importing test module 'C:\Users\maila\data_pipeline\services\inventory_service\tests\test_models.py'.
Hint: make sure your test modules/packages have valid Python names.
Traceback:
..\..\..\AppData\Local\Programs\Python\Python311\Lib\importlib\__init__.py:126: in import_module
    return _bootstrap._gcd_import(name[level:], package, level)
           ^^^^^^^^^^^^^^^^^^^^^^^^^^^^^^^^^^^^^^^^^^^^^^^^^^^^
tests\test_models.py:5: in <module>
    from src.domain.enums import ProductCategory
E   ImportError: cannot import name 'ProductCategory' from 'src.domain.enums' (C:\Users\maila\data_pipeline\services\inventory_service\src\domain\enums.py)
=========================== short test summary info ===========================
ERROR tests/test_models.py
!!!!!!!!!!!!!!!!!!! Interrupted: 1 error during collection !!!!!!!!!!!!!!!!!!!!
============================== 1 error in 0.37s ===============================
